#
# There is insufficient memory for the Java Runtime Environment to continue.
# Native memory allocation (malloc) failed to allocate 65552 bytes for Chunk::new
# Possible reasons:
#   The system is out of physical RAM or swap space
#   The process is running with CompressedOops enabled, and the Java Heap may be blocking the growth of the native heap
# Possible solutions:
#   Reduce memory load on the system
#   Increase physical memory or swap space
#   Check if swap backing store is full
#   Decrease Java heap size (-Xmx/-Xms)
#   Decrease number of Java threads
#   Decrease Java thread stack sizes (-Xss)
#   Set larger code cache with -XX:ReservedCodeCacheSize=
#   JVM is running with Unscaled Compressed Oops mode in which the Java heap is
#     placed in the first 4GB address space. The Java Heap base address is the
#     maximum limit for the native heap growth. Please use -XX:HeapBaseMinAddress
#     to set the Java Heap base and to place the Java Heap above 4GB virtual address.
# This output file may be truncated or incomplete.
#
#  Out of Memory Error (allocation.cpp:389), pid=18060, tid=0x0000000000003fa4
#
# JRE version: Java(TM) SE Runtime Environment (8.0_202-b08) (build 1.8.0_202-b08)
# Java VM: Java HotSpot(TM) 64-Bit Server VM (25.202-b08 mixed mode windows-amd64 compressed oops)
# Failed to write core dump. Minidumps are not enabled by default on client versions of Windows
#

---------------  T H R E A D  ---------------

Current thread (0x0000000018cdd800):  JavaThread "C2 CompilerThread0" daemon [_thread_in_native, id=16292, stack(0x00000000193b0000,0x00000000194b0000)]

Stack: [0x00000000193b0000,0x00000000194b0000]
[error occurred during error reporting (printing stack bounds), id 0xc0000005]

Native frames: (J=compiled Java code, j=interpreted, Vv=VM code, C=native code)


Current CompileTask:
C2:   3747 1992   !   4       org.codehaus.plexus.interpolation.StringSearchInterpolator::interpolate (655 bytes)


---------------  P R O C E S S  ---------------

Java Threads: ( => current thread )
  0x0000000018d81000 JavaThread "Service Thread" daemon [_thread_blocked, id=21476, stack(0x00000000196b0000,0x00000000197b0000)]
  0x0000000018d1a000 JavaThread "C1 CompilerThread2" daemon [_thread_in_native, id=21552, stack(0x00000000195b0000,0x00000000196b0000)]
  0x0000000018cde800 JavaThread "C2 CompilerThread1" daemon [_thread_in_native, id=19488, stack(0x00000000194b0000,0x00000000195b0000)]
=>0x0000000018cdd800 JavaThread "C2 CompilerThread0" daemon [_thread_in_native, id=16292, stack(0x00000000193b0000,0x00000000194b0000)]
  0x0000000017977000 JavaThread "Monitor Ctrl-Break" daemon [_thread_in_native, id=2104, stack(0x00000000192b0000,0x00000000193b0000)]
  0x00000000179bd800 JavaThread "Attach Listener" daemon [_thread_blocked, id=7268, stack(0x00000000191b0000,0x00000000192b0000)]
  0x00000000179bc800 JavaThread "Signal Dispatcher" daemon [_thread_blocked, id=13468, stack(0x00000000190b0000,0x00000000191b0000)]
  0x0000000002e3c000 JavaThread "Finalizer" daemon [_thread_blocked, id=9716, stack(0x0000000018bb0000,0x0000000018cb0000)]
  0x0000000002e33000 JavaThread "Reference Handler" daemon [_thread_blocked, id=22476, stack(0x0000000018ab0000,0x0000000018bb0000)]
  0x0000000000e3e800 JavaThread "main" [_thread_in_vm, id=16844, stack(0x0000000002650000,0x0000000002750000)]

Other Threads:
  0x0000000017927800 VMThread [stack: 0x00000000189b0000,0x0000000018ab0000] [id=1528]
  0x0000000018dc8800 WatcherThread [stack: 0x00000000197b0000,0x00000000198b0000] [id=18092]

VM state:not at safepoint (normal execution)

VM Mutex/Monitor currently owned by a thread: None

heap address: 0x0000000081e00000, size: 2018 MB, Compressed Oops mode: 32-bit
Narrow klass base: 0x0000000000000000, Narrow klass shift: 3
Compressed class space size: 1073741824 Address: 0x0000000100000000

Heap:
 PSYoungGen      total 38400K, used 35615K [0x00000000d5f80000, 0x00000000d8a00000, 0x0000000100000000)
  eden space 33280K, 91% used [0x00000000d5f80000,0x00000000d7d49cd8,0x00000000d8000000)
  from space 5120K, 99% used [0x00000000d8000000,0x00000000d84fe050,0x00000000d8500000)
  to   space 5120K, 0% used [0x00000000d8500000,0x00000000d8500000,0x00000000d8a00000)
 ParOldGen       total 87552K, used 5321K [0x0000000081e00000, 0x0000000087380000, 0x00000000d5f80000)
  object space 87552K, 6% used [0x0000000081e00000,0x0000000082332678,0x0000000087380000)
 Metaspace       used 15011K, capacity 15322K, committed 15488K, reserved 1062912K
  class space    used 1834K, capacity 1913K, committed 1920K, reserved 1048576K

Card table byte_map: [0x0000000012200000,0x0000000012600000] byte_map_base: 0x0000000011df1000

Marking Bits: (ParMarkBitMap*) 0x0000000063855ce0
 Begin Bits: [0x0000000012cb0000, 0x0000000014c38000)
 End Bits:   [0x0000000014c38000, 0x0000000016bc0000)

Polling page: 0x0000000002750000

CodeCache: size=245760Kb used=7247Kb max_used=7247Kb free=238513Kb
 bounds [0x0000000002e40000, 0x0000000003560000, 0x0000000011e40000]
 total_blobs=2464 nmethods=2120 adapters=257
 compilation: enabled

Compilation events (10 events):
Event: 3.625 Thread 0x0000000018d1a000 nmethod 2097 0x00000000035338d0 code [0x0000000003533ae0, 0x0000000003534708]
Event: 3.626 Thread 0x0000000018d1a000 2094   !   3       org.apache.maven.artifact.versioning.DefaultArtifactVersion::parseVersion (305 bytes)
Event: 3.628 Thread 0x0000000018d1a000 nmethod 2094 0x0000000003534b90 code [0x0000000003534f80, 0x0000000003537648]
Event: 3.628 Thread 0x0000000018d1a000 2105       3       org.apache.maven.artifact.versioning.ComparableVersion::<init> (10 bytes)
Event: 3.628 Thread 0x0000000018d1a000 nmethod 2105 0x0000000003538b10 code [0x0000000003538c80, 0x0000000003538ee8]
Event: 3.628 Thread 0x0000000018d1a000 2106       3       org.apache.maven.artifact.versioning.VersionRange::<init> (15 bytes)
Event: 3.628 Thread 0x0000000018d1a000 nmethod 2106 0x0000000003538fd0 code [0x0000000003539120, 0x00000000035392f0]
Event: 3.628 Thread 0x0000000018d1a000 2107       3       org.apache.maven.bridge.MavenRepositorySystem::XcreateArtifact (138 bytes)
Event: 3.629 Thread 0x0000000018d1a000 nmethod 2107 0x0000000003539390 code [0x00000000035395a0, 0x000000000353a068]
Event: 3.629 Thread 0x0000000018d1a000 2116   !   3       org.apache.maven.bridge.MavenRepositorySystem::createDependencyArtifact (202 bytes)

GC Heap History (6 events):
Event: 1.700 GC heap before
{Heap before GC invocations=1 (full 0):
 PSYoungGen      total 38400K, used 33280K [0x00000000d5f80000, 0x00000000d8a00000, 0x0000000100000000)
  eden space 33280K, 100% used [0x00000000d5f80000,0x00000000d8000000,0x00000000d8000000)
  from space 5120K, 0% used [0x00000000d8500000,0x00000000d8500000,0x00000000d8a00000)
  to   space 5120K, 0% used [0x00000000d8000000,0x00000000d8000000,0x00000000d8500000)
 ParOldGen       total 87552K, used 0K [0x0000000081e00000, 0x0000000087380000, 0x00000000d5f80000)
  object space 87552K, 0% used [0x0000000081e00000,0x0000000081e00000,0x0000000087380000)
 Metaspace       used 8073K, capacity 8200K, committed 8320K, reserved 1056768K
  class space    used 1004K, capacity 1052K, committed 1152K, reserved 1048576K
Event: 1.706 GC heap after
Heap after GC invocations=1 (full 0):
 PSYoungGen      total 38400K, used 4907K [0x00000000d5f80000, 0x00000000d8a00000, 0x0000000100000000)
  eden space 33280K, 0% used [0x00000000d5f80000,0x00000000d5f80000,0x00000000d8000000)
  from space 5120K, 95% used [0x00000000d8000000,0x00000000d84cac28,0x00000000d8500000)
  to   space 5120K, 0% used [0x00000000d8500000,0x00000000d8500000,0x00000000d8a00000)
 ParOldGen       total 87552K, used 8K [0x0000000081e00000, 0x0000000087380000, 0x00000000d5f80000)
  object space 87552K, 0% used [0x0000000081e00000,0x0000000081e02000,0x0000000087380000)
 Metaspace       used 8073K, capacity 8200K, committed 8320K, reserved 1056768K
  class space    used 1004K, capacity 1052K, committed 1152K, reserved 1048576K
}
Event: 2.448 GC heap before
{Heap before GC invocations=2 (full 0):
 PSYoungGen      total 38400K, used 38187K [0x00000000d5f80000, 0x00000000d8a00000, 0x0000000100000000)
  eden space 33280K, 100% used [0x00000000d5f80000,0x00000000d8000000,0x00000000d8000000)
  from space 5120K, 95% used [0x00000000d8000000,0x00000000d84cac28,0x00000000d8500000)
  to   space 5120K, 0% used [0x00000000d8500000,0x00000000d8500000,0x00000000d8a00000)
 ParOldGen       total 87552K, used 8K [0x0000000081e00000, 0x0000000087380000, 0x00000000d5f80000)
  object space 87552K, 0% used [0x0000000081e00000,0x0000000081e02000,0x0000000087380000)
 Metaspace       used 11566K, capacity 11790K, committed 12160K, reserved 1060864K
  class space    used 1449K, capacity 1543K, committed 1664K, reserved 1048576K
Event: 2.457 GC heap after
Heap after GC invocations=2 (full 0):
 PSYoungGen      total 38400K, used 5097K [0x00000000d5f80000, 0x00000000d8a00000, 0x0000000100000000)
  eden space 33280K, 0% used [0x00000000d5f80000,0x00000000d5f80000,0x00000000d8000000)
  from space 5120K, 99% used [0x00000000d8500000,0x00000000d89fa488,0x00000000d8a00000)
  to   space 5120K, 0% used [0x00000000d8000000,0x00000000d8000000,0x00000000d8500000)
 ParOldGen       total 87552K, used 1693K [0x0000000081e00000, 0x0000000087380000, 0x00000000d5f80000)
  object space 87552K, 1% used [0x0000000081e00000,0x0000000081fa7610,0x0000000087380000)
 Metaspace       used 11566K, capacity 11790K, committed 12160K, reserved 1060864K
  class space    used 1449K, capacity 1543K, committed 1664K, reserved 1048576K
}
Event: 3.431 GC heap before
{Heap before GC invocations=3 (full 0):
 PSYoungGen      total 38400K, used 38377K [0x00000000d5f80000, 0x00000000d8a00000, 0x0000000100000000)
  eden space 33280K, 100% used [0x00000000d5f80000,0x00000000d8000000,0x00000000d8000000)
  from space 5120K, 99% used [0x00000000d8500000,0x00000000d89fa488,0x00000000d8a00000)
  to   space 5120K, 0% used [0x00000000d8000000,0x00000000d8000000,0x00000000d8500000)
 ParOldGen       total 87552K, used 1693K [0x0000000081e00000, 0x0000000087380000, 0x00000000d5f80000)
  object space 87552K, 1% used [0x0000000081e00000,0x0000000081fa7610,0x0000000087380000)
 Metaspace       used 14825K, capacity 15124K, committed 15232K, reserved 1062912K
  class space    used 1831K, capacity 1912K, committed 1920K, reserved 1048576K
Event: 3.443 GC heap after
Heap after GC invocations=3 (full 0):
 PSYoungGen      total 38400K, used 5112K [0x00000000d5f80000, 0x00000000d8a00000, 0x0000000100000000)
  eden space 33280K, 0% used [0x00000000d5f80000,0x00000000d5f80000,0x00000000d8000000)
  from space 5120K, 99% used [0x00000000d8000000,0x00000000d84fe050,0x00000000d8500000)
  to   space 5120K, 0% used [0x00000000d8500000,0x00000000d8500000,0x00000000d8a00000)
 ParOldGen       total 87552K, used 5321K [0x0000000081e00000, 0x0000000087380000, 0x00000000d5f80000)
  object space 87552K, 6% used [0x0000000081e00000,0x0000000082332678,0x0000000087380000)
 Metaspace       used 14825K, capacity 15124K, committed 15232K, reserved 1062912K
  class space    used 1831K, capacity 1912K, committed 1920K, reserved 1048576K
}

Deoptimization events (10 events):
Event: 2.804 Thread 0x0000000000e3e800 Uncommon trap: reason=unstable_if action=reinterpret pc=0x000000000313af24 method=org.codehaus.plexus.util.xml.pull.MXParser.parseStartTag()I @ 443
Event: 2.892 Thread 0x0000000000e3e800 Uncommon trap: reason=unstable_if action=reinterpret pc=0x0000000002f77340 method=java.lang.CharacterData.of(I)Ljava/lang/CharacterData; @ 4
Event: 2.907 Thread 0x0000000000e3e800 Uncommon trap: reason=unstable_if action=reinterpret pc=0x00000000030b9184 method=sun.nio.cs.UTF_8$Decoder.decode([BII[C)I @ 30
Event: 2.917 Thread 0x0000000000e3e800 Uncommon trap: reason=unstable_if action=reinterpret pc=0x00000000030aa004 method=sun.nio.cs.UTF_8$Decoder.decodeArrayLoop(Ljava/nio/ByteBuffer;Ljava/nio/CharBuffer;)Ljava/nio/charset/CoderResult; @ 84
Event: 2.918 Thread 0x0000000000e3e800 Uncommon trap: reason=unstable_if action=reinterpret pc=0x00000000030ed3a8 method=org.codehaus.plexus.util.xml.pull.MXParser.isS(C)Z @ 21
Event: 2.968 Thread 0x0000000000e3e800 Uncommon trap: reason=unstable_if action=reinterpret pc=0x0000000003028294 method=java.lang.String.replace(CC)Ljava/lang/String; @ 2
Event: 3.244 Thread 0x0000000000e3e800 Uncommon trap: reason=unstable_if action=reinterpret pc=0x00000000033caef4 method=java.lang.reflect.AccessibleObject.setAccessible0(Ljava/lang/reflect/AccessibleObject;Z)V @ 4
Event: 3.274 Thread 0x0000000000e3e800 Uncommon trap: reason=unstable_if action=reinterpret pc=0x0000000003395434 method=org.codehaus.plexus.util.xml.pull.MXParser.nextImpl()I @ 879
Event: 3.309 Thread 0x0000000000e3e800 Uncommon trap: reason=null_check action=make_not_entrant pc=0x00000000034127c8 method=org.apache.maven.model.io.xpp3.MavenXpp3ReaderEx.checkFieldWithDuplicate(Lorg/codehaus/plexus/util/xml/pull/XmlPullParser;Ljava/lang/String;Ljava/lang/String;Ljava/util/
Event: 3.333 Thread 0x0000000000e3e800 Uncommon trap: reason=unstable_if action=reinterpret pc=0x0000000003423d6c method=org.codehaus.plexus.util.xml.pull.MXParser.nextImpl()I @ 310

Classes redefined (0 events):
No events

Internal exceptions (10 events):
Event: 1.570 Thread 0x0000000000e3e800 Exception <a 'java/lang/ArrayIndexOutOfBoundsException'> (0x00000000d7588868) thrown at [C:\re\workspace\8-2-build-windows-amd64-cygwin\jdk8u202\12323\hotspot\src\share\vm\runtime\sharedRuntime.cpp, line 605]
Event: 1.570 Thread 0x0000000000e3e800 Exception <a 'java/lang/ArrayIndexOutOfBoundsException'> (0x00000000d758a5b8) thrown at [C:\re\workspace\8-2-build-windows-amd64-cygwin\jdk8u202\12323\hotspot\src\share\vm\runtime\sharedRuntime.cpp, line 605]
Event: 1.570 Thread 0x0000000000e3e800 Exception <a 'java/lang/ArrayIndexOutOfBoundsException'> (0x00000000d758bb10) thrown at [C:\re\workspace\8-2-build-windows-amd64-cygwin\jdk8u202\12323\hotspot\src\share\vm\runtime\sharedRuntime.cpp, line 605]
Event: 1.731 Thread 0x0000000000e3e800 Exception <a 'java/lang/ArrayIndexOutOfBoundsException': 73> (0x00000000d61fd440) thrown at [C:\re\workspace\8-2-build-windows-amd64-cygwin\jdk8u202\12323\hotspot\src\share\vm\interpreter\interpreterRuntime.cpp, line 368]
Event: 1.731 Thread 0x0000000000e3e800 Exception <a 'java/lang/ArrayIndexOutOfBoundsException': 131> (0x00000000d61fede8) thrown at [C:\re\workspace\8-2-build-windows-amd64-cygwin\jdk8u202\12323\hotspot\src\share\vm\interpreter\interpreterRuntime.cpp, line 368]
Event: 2.665 Thread 0x0000000000e3e800 Exception <a 'java/lang/NoClassDefFoundError': com/google/inject/servlet/ServletModuleTargetVisitor> (0x00000000d687a688) thrown at [C:\re\workspace\8-2-build-windows-amd64-cygwin\jdk8u202\12323\hotspot\src\share\vm\classfile\systemDictionary.cpp, line 19
Event: 2.665 Thread 0x0000000000e3e800 Exception <a 'java/lang/NoClassDefFoundError'> (0x00000000d687a688) thrown at [C:\re\workspace\8-2-build-windows-amd64-cygwin\jdk8u202\12323\hotspot\src\share\vm\prims\jvm.cpp, line 1506]
Event: 2.665 Thread 0x0000000000e3e800 Exception <a 'java/lang/NoClassDefFoundError': javax/annotation/Priority> (0x00000000d687f4a8) thrown at [C:\re\workspace\8-2-build-windows-amd64-cygwin\jdk8u202\12323\hotspot\src\share\vm\classfile\systemDictionary.cpp, line 199]
Event: 2.792 Thread 0x0000000000e3e800 Implicit null exception at 0x00000000030038db to 0x0000000003003a85
Event: 3.309 Thread 0x0000000000e3e800 Implicit null exception at 0x000000000341154d to 0x00000000034127b1

Events (10 events):
Event: 3.426 loading class org/apache/maven/artifact/InvalidArtifactRTException
Event: 3.426 loading class org/apache/maven/artifact/InvalidArtifactRTException done
Event: 3.431 Executing VM operation: ParallelGCFailedAllocation
Event: 3.444 Executing VM operation: ParallelGCFailedAllocation done
Event: 3.579 loading class org/apache/maven/artifact/versioning/Restriction
Event: 3.579 loading class org/apache/maven/artifact/versioning/Restriction done
Event: 3.598 loading class org/apache/maven/artifact/resolver/filter/ExcludesArtifactFilter
Event: 3.598 loading class org/apache/maven/artifact/resolver/filter/ExcludesArtifactFilter done
Event: 3.598 loading class org/apache/maven/artifact/resolver/filter/IncludesArtifactFilter
Event: 3.598 loading class org/apache/maven/artifact/resolver/filter/IncludesArtifactFilter done


Dynamic libraries:
0x00007ff6c0740000 - 0x00007ff6c0777000 	D:\Program Files\Java\jdk1.8.0_202\bin\java.exe
0x00007ff97be50000 - 0x00007ff97c03d000 	C:\Windows\SYSTEM32\ntdll.dll
0x00007ff979b60000 - 0x00007ff979c13000 	C:\Windows\System32\KERNEL32.DLL
0x00007ff978c30000 - 0x00007ff978ec3000 	C:\Windows\System32\KERNELBASE.dll
0x00007ff97baa0000 - 0x00007ff97bb43000 	C:\Windows\System32\ADVAPI32.dll
0x00007ff97b240000 - 0x00007ff97b2de000 	C:\Windows\System32\msvcrt.dll
0x00007ff9797c0000 - 0x00007ff97985e000 	C:\Windows\System32\sechost.dll
0x00007ff979550000 - 0x00007ff979672000 	C:\Windows\System32\RPCRT4.dll
0x00007ff97bc80000 - 0x00007ff97be17000 	C:\Windows\System32\USER32.dll
0x00007ff9780f0000 - 0x00007ff978110000 	C:\Windows\System32\win32u.dll
0x00007ff979730000 - 0x00007ff979759000 	C:\Windows\System32\GDI32.dll
0x00007ff978110000 - 0x00007ff9782a9000 	C:\Windows\System32\gdi32full.dll
0x00007ff978fb0000 - 0x00007ff979050000 	C:\Windows\System32\msvcp_win.dll
0x00007ff978b30000 - 0x00007ff978c2a000 	C:\Windows\System32\ucrtbase.dll
0x00007ff968380000 - 0x00007ff9685f9000 	C:\Windows\WinSxS\amd64_microsoft.windows.common-controls_6595b64144ccf1df_6.0.17763.914_none_05b346b2072102f2\COMCTL32.dll
0x00007ff9790f0000 - 0x00007ff97941c000 	C:\Windows\System32\combase.dll
0x00007ff978f30000 - 0x00007ff978fae000 	C:\Windows\System32\bcryptPrimitives.dll
0x00007ff979680000 - 0x00007ff9796ae000 	C:\Windows\System32\IMM32.DLL
0x00000000647e0000 - 0x00000000648b2000 	D:\Program Files\Java\jdk1.8.0_202\jre\bin\msvcr100.dll
0x0000000063030000 - 0x00000000638d5000 	D:\Program Files\Java\jdk1.8.0_202\jre\bin\server\jvm.dll
0x00007ff979480000 - 0x00007ff979488000 	C:\Windows\System32\PSAPI.DLL
0x00007ff965fb0000 - 0x00007ff965fb9000 	C:\Windows\SYSTEM32\WSOCK32.dll
0x00007ff96d4c0000 - 0x00007ff96d4e4000 	C:\Windows\SYSTEM32\WINMM.dll
0x00007ff97b1d0000 - 0x00007ff97b23d000 	C:\Windows\System32\WS2_32.dll
0x00007ff96d470000 - 0x00007ff96d49d000 	C:\Windows\SYSTEM32\winmmbase.dll
0x00007ff9782b0000 - 0x00007ff9782fa000 	C:\Windows\System32\cfgmgr32.dll
0x00007ff971930000 - 0x00007ff97193a000 	C:\Windows\SYSTEM32\VERSION.dll
0x00007ff96fb20000 - 0x00007ff96fb2f000 	D:\Program Files\Java\jdk1.8.0_202\jre\bin\verify.dll
0x00007ff954cd0000 - 0x00007ff954cf9000 	D:\Program Files\Java\jdk1.8.0_202\jre\bin\java.dll
0x00007ff973ad0000 - 0x00007ff973af3000 	D:\Program Files\Java\jdk1.8.0_202\jre\bin\instrument.dll
0x00007ff95ad10000 - 0x00007ff95ad26000 	D:\Program Files\Java\jdk1.8.0_202\jre\bin\zip.dll
0x00007ff979c20000 - 0x00007ff97b114000 	C:\Windows\System32\SHELL32.dll
0x00007ff9794a0000 - 0x00007ff979548000 	C:\Windows\System32\shcore.dll
0x00007ff9783b0000 - 0x00007ff978afd000 	C:\Windows\System32\windows.storage.dll
0x00007ff977ec0000 - 0x00007ff977ee4000 	C:\Windows\System32\profapi.dll
0x00007ff977e40000 - 0x00007ff977e9d000 	C:\Windows\System32\powrprof.dll
0x00007ff979760000 - 0x00007ff9797b2000 	C:\Windows\System32\shlwapi.dll
0x00007ff977ea0000 - 0x00007ff977eb1000 	C:\Windows\System32\kernel.appcore.dll
0x00007ff979050000 - 0x00007ff979067000 	C:\Windows\System32\cryptsp.dll
0x00007ff972a20000 - 0x00007ff972a3a000 	D:\Program Files\JetBrains\IntelliJ IDEA 2017.3.4\bin\breakgen64.dll
0x00007ff956110000 - 0x00007ff95612a000 	D:\Program Files\Java\jdk1.8.0_202\jre\bin\net.dll
0x00007ff96d290000 - 0x00007ff96d467000 	C:\Windows\SYSTEM32\urlmon.dll
0x00007ff96ce20000 - 0x00007ff96d0c8000 	C:\Windows\SYSTEM32\iertutil.dll
0x00007ff9777f0000 - 0x00007ff9777fc000 	C:\Windows\SYSTEM32\CRYPTBASE.DLL
0x00007ff977620000 - 0x00007ff977687000 	C:\Windows\system32\mswsock.dll
0x00007ff9554b0000 - 0x00007ff9554c2000 	D:\Program Files\Java\jdk1.8.0_202\jre\bin\nio.dll

VM Arguments:
jvm_args: -Dmaven.multiModuleProjectDirectory=D:\资料文案\毕设\project\springboot-order-haircut -Dmaven.home=D:\Program Files\JetBrains\IntelliJ IDEA 2017.3.4\plugins\maven\lib\maven3 -Dclassworlds.conf=D:\Program Files\JetBrains\IntelliJ IDEA 2017.3.4\plugins\maven\lib\maven3\bin\m2.conf -javaagent:D:\Program Files\JetBrains\IntelliJ IDEA 2017.3.4\lib\idea_rt.jar=54928:D:\Program Files\JetBrains\IntelliJ IDEA 2017.3.4\bin -Dfile.encoding=UTF-8 
java_command: org.codehaus.classworlds.Launcher -Didea.version=2017.3.4 -s D:\Program Files\apache-maven-3.6.0\conf\settings.xml clean
java_class_path (initial): D:\Program Files\JetBrains\IntelliJ IDEA 2017.3.4\plugins\maven\lib\maven3\boot\plexus-classworlds-2.5.2.jar;D:\Program Files\JetBrains\IntelliJ IDEA 2017.3.4\lib\idea_rt.jar
Launcher Type: SUN_STANDARD

Environment Variables:
JAVA_HOME=D:\Program Files\Java\jdk1.8.0_202
CLASSPATH=.;D:\Program Files\Java\jdk1.8.0_202\lib;D:\Program Files\Java\jdk1.8.0_202\lib\tools.jar
PATH=D:\Program Files\NetSarang\Xshell 6\;D:\Program Files\NetSarang\Xftp 6\;C:\Program Files (x86)\Common Files\Oracle\Java\javapath;C:\Program Files (x86)\Intel\iCLS Client\;C:\Program Files\Intel\iCLS Client\;C:\Windows\system32;C:\Windows;C:\Windows\System32\Wbem;C:\Windows\System32\WindowsPowerShell\v1.0\;C:\Windows\System32\OpenSSH\;C:\Program Files (x86)\NVIDIA Corporation\PhysX\Common;C:\Program Files (x86)\Intel\Intel(R) Management Engine Components\DAL;C:\Program Files\Intel\Intel(R) Management Engine Components\DAL;C:\Program Files (x86)\Intel\Intel(R) Management Engine Components\IPT;C:\Program Files\Intel\Intel(R) Management Engine Components\IPT;C:\Program Files\Intel\WiFi\bin\;C:\Program Files\Common Files\Intel\WirelessCommon\;"D:\Program Files\Java\jdk1.8.0_202\bin;";"D:\Program Files\Java\jdk1.8.0_202\jre\bin;";D:\Program Files\apache-maven-3.6.0\bin;C:\Program Files\MySQL\MySQL Server 5.7\bin;D:\Program Files\adt-bundle-windows-x86-20130729\sdk\platform-tools;D:\Program Files\adt-bundle-windows-x86-20130729\sdk\tools;D:\Program Files\nodejs\;D:\Program Files\nodejs\node_global;D:\Program Files\Git\cmd;D:\Program Files\VisualSVN Server\bin;D:\Program Files\TortoiseSVN\bin;D:\Program Files\erl10.4\bin;D:\Program Files\curl-7.20.0;C:\Users\changrong\AppData\Local\Microsoft\WindowsApps;C:\Users\changrong\AppData\Roaming\npm
USERNAME=changrong
OS=Windows_NT
PROCESSOR_IDENTIFIER=Intel64 Family 6 Model 158 Stepping 10, GenuineIntel



---------------  S Y S T E M  ---------------

OS: Windows 10.0 , 64 bit Build 17763 (10.0.17763.475)

CPU:total 4 (initial active 4) (2 cores per cpu, 2 threads per core) family 6 model 158 stepping 10, cmov, cx8, fxsr, mmx, sse, sse2, sse3, ssse3, sse4.1, sse4.2, popcnt, aes, clmul, erms, 3dnowpref, lzcnt, ht, tsc, tscinvbit

Memory: 4k page, physical 8264920k(901192k free), swap 16150996k(4332k free)

vm_info: Java HotSpot(TM) 64-Bit Server VM (25.202-b08) for windows-amd64 JRE (1.8.0_202-b08), built on Dec 15 2018 19:54:30 by "java_re" with MS VC++ 10.0 (VS2010)

time: Sun Jan 12 20:53:42 2020
timezone: 中国标准时间
elapsed time: 3 seconds (0d 0h 0m 3s)

